Arguments: 
  /usr/local/bin/node /usr/local/Cellar/yarn/1.5.1_1/libexec/bin/yarn.js add

PATH: 
  /usr/local/opt/gettext/bin:/usr/local/opt/openssl/bin:/Users/liqi/.pyenv/shims:/usr/local/share/scala/scala-2.10.4/bin:/usr/local/apache-maven/apache-maven-3.2.3/bin:/Users/liqi/.rbenv/shims:/Users/liqi/.cargo/bin:/Users/liqi/Library/Haskell/bin:/usr/local/bin:/usr/bin:/bin:/usr/sbin:/sbin:/opt/ImageMagick/bin:/usr/local/Cellar/mysql/5.7.18_1/bin:/Users/liqi/android-sdks/tools:/Users/liqi/android-sdks/platform-tools:/usr/local/go/bin

Yarn version: 
  1.5.1

Node version: 
  8.9.3

Platform: 
  darwin x64

npm manifest: 
  {
    "name": "mpvue-demo",
    "version": "1.0.0",
    "description": "A Mpvue project",
    "author": "shengxinjing <316783812@qq.com>",
    "private": true,
    "scripts": {
      "dev": "node build/dev-server.js",
      "start": "node build/dev-server.js",
      "build": "node build/build.js",
      "lint": "eslint --fix --ext .js,.vue src server/controllers"
    },
    "dependencies": {
      "less": "^3.7.1",
      "less-loader": "^4.1.0",
      "mpui": "^0.11.0",
      "mpvue": "1.0.6",
      "mta-wechat-analysis": "^1.3.7",
      "vant-weapp": "^0.3.2",
      "vue-ydui": "^1.2.2",
      "vue2-countdown": "^1.0.8",
      "vuex": "2.3.1",
      "wafer2-client-sdk": "1.1.3",
      "weui": "^1.1.3"
    },
    "devDependencies": {
      "babel-core": "6.22.1",
      "babel-eslint": "7.1.1",
      "babel-loader": "7.1.1",
      "babel-plugin-transform-runtime": "6.22.0",
      "babel-preset-env": "1.3.2",
      "babel-preset-stage-2": "6.22.0",
      "babel-register": "6.22.0",
      "chalk": "2.0.1",
      "connect-history-api-fallback": "1.3.0",
      "copy-webpack-plugin": "4.0.1",
      "css-loader": "^0.28.0",
      "cssnano": "3.10.0",
      "eslint": "3.19.0",
      "eslint-config-standard": "6.2.1",
      "eslint-friendly-formatter": "3.0.0",
      "eslint-loader": "1.7.1",
      "eslint-plugin-html": "3.0.0",
      "eslint-plugin-promise": "3.4.0",
      "eslint-plugin-standard": "2.0.1",
      "eventsource-polyfill": "0.9.6",
      "express": "^4.16.3",
      "extract-text-webpack-plugin": "2.0.0",
      "file-loader": "^0.11.1",
      "friendly-errors-webpack-plugin": "1.1.3",
      "glob": "7.1.2",
      "html-webpack-plugin": "2.28.0",
      "http-proxy-middleware": "0.17.3",
      "mpvue-loader": "1.0.8",
      "mpvue-template-compiler": "1.0.6",
      "mpvue-webpack-target": "1.0.0",
      "mpvue-zanui": "^1.0.2",
      "node-sass": "^4.9.2",
      "optimize-css-assets-webpack-plugin": "2.0.0",
      "ora": "1.2.0",
      "postcss-loader": "2.0.6",
      "postcss-mpvue-wxss": "1.0.0",
      "px2rpx-loader": "0.1.8",
      "rimraf": "2.6.0",
      "sass-loader": "6.0.7",
      "semver": "5.3.0",
      "shelljs": "0.7.6",
      "style-loader": "^0.21.0",
      "url-loader": "0.5.8",
      "vue-step": "^1.2.3",
      "vue-style-loader": "3.0.1",
      "webpack": "2.6.1",
      "webpack-bundle-analyzer": "2.2.1",
      "webpack-dev-middleware-hard-disk": "1.10.0",
      "webpack-merge": "4.1.0",
      "webpack-mpvue-asset-plugin": "0.0.1"
    },
    "engines": {
      "node": ">= 4.0.0",
      "npm": ">= 3.0.0"
    },
    "browserslist": [
      "> 1%",
      "last 2 versions",
      "not ie <= 8"
    ]
  }

yarn manifest: 
  No manifest

Lockfile: 
  No lockfile

Trace: 
  Error: Missing list of packages to add to your project.
      at new MessageError (/usr/local/Cellar/yarn/1.5.1_1/libexec/lib/cli.js:186:110)
      at Object.<anonymous> (/usr/local/Cellar/yarn/1.5.1_1/libexec/lib/cli.js:40587:13)
      at Generator.next (<anonymous>)
      at step (/usr/local/Cellar/yarn/1.5.1_1/libexec/lib/cli.js:98:30)
      at /usr/local/Cellar/yarn/1.5.1_1/libexec/lib/cli.js:116:14
      at new Promise (<anonymous>)
      at new F (/usr/local/Cellar/yarn/1.5.1_1/libexec/lib/cli.js:23451:28)
      at Object.<anonymous> (/usr/local/Cellar/yarn/1.5.1_1/libexec/lib/cli.js:95:12)
      at Object.run (/usr/local/Cellar/yarn/1.5.1_1/libexec/lib/cli.js:40599:19)
      at run (/usr/local/Cellar/yarn/1.5.1_1/libexec/lib/cli.js:89113:20)
